2025-06-23 19:38:37,406 [Worker-1: Loading available Gradle versions] INFO  o.e.b.c.i.u.g.PublishedGradleVersions - Gradle version information cache is not available. Remote download required.
2025-06-23 19:40:13,572 [ModalContext] INFO  o.e.m.c.i.e.AbstractTransferListenerAdapter - Downloading https://repo.maven.apache.org/maven2/org/apache/camel/archetypes/camel-archetype-groovy/2.25.4/camel-archetype-groovy-2.25.4.pom
2025-06-23 19:40:13,590 [ModalContext] INFO  o.e.m.c.i.e.AbstractTransferListenerAdapter - Downloaded https://repo.maven.apache.org/maven2/org/apache/camel/archetypes/camel-archetype-groovy/2.25.4/camel-archetype-groovy-2.25.4.pom
2025-06-23 19:40:13,898 [ModalContext] INFO  o.e.m.c.i.e.AbstractTransferListenerAdapter - Downloading https://repo.maven.apache.org/maven2/org/apache/camel/archetypes/2.25.4/archetypes-2.25.4.pom
2025-06-23 19:40:13,903 [ModalContext] INFO  o.e.m.c.i.e.AbstractTransferListenerAdapter - Downloaded https://repo.maven.apache.org/maven2/org/apache/camel/archetypes/2.25.4/archetypes-2.25.4.pom
2025-06-23 19:40:13,960 [ModalContext] INFO  o.e.m.c.i.e.AbstractTransferListenerAdapter - Downloading https://repo.maven.apache.org/maven2/org/apache/camel/camel-parent/2.25.4/camel-parent-2.25.4.pom
2025-06-23 19:40:14,098 [ModalContext] INFO  o.e.m.c.i.e.AbstractTransferListenerAdapter - Downloaded https://repo.maven.apache.org/maven2/org/apache/camel/camel-parent/2.25.4/camel-parent-2.25.4.pom
2025-06-23 19:40:14,156 [ModalContext] INFO  o.e.m.c.i.e.AbstractTransferListenerAdapter - Downloading https://repo.maven.apache.org/maven2/org/apache/camel/camel/2.25.4/camel-2.25.4.pom
2025-06-23 19:40:14,163 [ModalContext] INFO  o.e.m.c.i.e.AbstractTransferListenerAdapter - Downloaded https://repo.maven.apache.org/maven2/org/apache/camel/camel/2.25.4/camel-2.25.4.pom
2025-06-23 19:40:14,221 [ModalContext] INFO  o.e.m.c.i.e.AbstractTransferListenerAdapter - Downloading https://repo.maven.apache.org/maven2/org/optaplanner/optaplanner-bom/7.14.0.Final/optaplanner-bom-7.14.0.Final.pom
2025-06-23 19:40:14,225 [ModalContext] INFO  o.e.m.c.i.e.AbstractTransferListenerAdapter - Downloaded https://repo.maven.apache.org/maven2/org/optaplanner/optaplanner-bom/7.14.0.Final/optaplanner-bom-7.14.0.Final.pom
2025-06-23 19:40:14,274 [ModalContext] INFO  o.e.m.c.i.e.AbstractTransferListenerAdapter - Downloading https://repo.maven.apache.org/maven2/org/kie/kie-user-bom-parent/7.14.0.Final/kie-user-bom-parent-7.14.0.Final.pom
2025-06-23 19:40:14,275 [ModalContext] INFO  o.e.m.c.i.e.AbstractTransferListenerAdapter - Downloaded https://repo.maven.apache.org/maven2/org/kie/kie-user-bom-parent/7.14.0.Final/kie-user-bom-parent-7.14.0.Final.pom
2025-06-23 19:40:14,323 [ModalContext] INFO  o.e.m.c.i.e.AbstractTransferListenerAdapter - Downloading https://repo.maven.apache.org/maven2/org/jboss/integration-platform/jboss-integration-platform-parent/8.3.2.Final/jboss-integration-platform-parent-8.3.2.Final.pom
2025-06-23 19:40:14,329 [ModalContext] INFO  o.e.m.c.i.e.AbstractTransferListenerAdapter - Downloaded https://repo.maven.apache.org/maven2/org/jboss/integration-platform/jboss-integration-platform-parent/8.3.2.Final/jboss-integration-platform-parent-8.3.2.Final.pom
2025-06-23 19:40:14,375 [ModalContext] INFO  o.e.m.c.i.e.AbstractTransferListenerAdapter - Downloading https://repo.maven.apache.org/maven2/org/jboss/jboss-parent/29/jboss-parent-29.pom
2025-06-23 19:40:14,381 [ModalContext] INFO  o.e.m.c.i.e.AbstractTransferListenerAdapter - Downloaded https://repo.maven.apache.org/maven2/org/jboss/jboss-parent/29/jboss-parent-29.pom
2025-06-23 19:40:14,757 [ModalContext] INFO  o.e.m.c.i.e.AbstractTransferListenerAdapter - Downloading https://repo.maven.apache.org/maven2/org/apache/camel/archetypes/camel-archetype-groovy/2.25.4/camel-archetype-groovy-2.25.4.jar
2025-06-23 19:40:14,762 [ModalContext] INFO  o.e.m.c.i.e.AbstractTransferListenerAdapter - Downloaded https://repo.maven.apache.org/maven2/org/apache/camel/archetypes/camel-archetype-groovy/2.25.4/camel-archetype-groovy-2.25.4.jar
2025-06-23 19:41:17,315 [Worker-1: Launching mavenrun-84bc4fb3-9ff3-4c54-b13f-f98ec05f8af2] INFO  o.eclipse.m2e.core.internal.Bundles - getClasspathEntries(Bundle=org.eclipse.m2e.maven.runtime_3.9.900.20250220-2013 [362])
2025-06-23 19:41:17,316 [Worker-1: Launching mavenrun-84bc4fb3-9ff3-4c54-b13f-f98ec05f8af2] INFO  o.eclipse.m2e.core.internal.Bundles - 	Entry: /Applications/SpringToolsForEclipse.app/Contents/Eclipse/plugins/org.eclipse.m2e.maven.runtime_3.9.900.20250220-2013
2025-06-23 19:41:17,316 [Worker-1: Launching mavenrun-84bc4fb3-9ff3-4c54-b13f-f98ec05f8af2] INFO  o.eclipse.m2e.core.internal.Bundles - 	Entry: /Applications/SpringToolsForEclipse.app/Contents/Eclipse/plugins/org.eclipse.m2e.maven.runtime_3.9.900.20250220-2013/jars/aopalliance-1.0.jar
2025-06-23 19:41:17,316 [Worker-1: Launching mavenrun-84bc4fb3-9ff3-4c54-b13f-f98ec05f8af2] INFO  o.eclipse.m2e.core.internal.Bundles - 	Entry: /Applications/SpringToolsForEclipse.app/Contents/Eclipse/plugins/org.eclipse.m2e.maven.runtime_3.9.900.20250220-2013/jars/guice-5.1.0.jar
2025-06-23 19:41:17,316 [Worker-1: Launching mavenrun-84bc4fb3-9ff3-4c54-b13f-f98ec05f8af2] INFO  o.eclipse.m2e.core.internal.Bundles - 	Entry: /Applications/SpringToolsForEclipse.app/Contents/Eclipse/plugins/org.eclipse.m2e.maven.runtime_3.9.900.20250220-2013/jars/httpclient-4.5.14.jar
2025-06-23 19:41:17,316 [Worker-1: Launching mavenrun-84bc4fb3-9ff3-4c54-b13f-f98ec05f8af2] INFO  o.eclipse.m2e.core.internal.Bundles - 	Entry: /Applications/SpringToolsForEclipse.app/Contents/Eclipse/plugins/org.eclipse.m2e.maven.runtime_3.9.900.20250220-2013/jars/httpcore-4.4.16.jar
2025-06-23 19:41:17,316 [Worker-1: Launching mavenrun-84bc4fb3-9ff3-4c54-b13f-f98ec05f8af2] INFO  o.eclipse.m2e.core.internal.Bundles - 	Entry: /Applications/SpringToolsForEclipse.app/Contents/Eclipse/plugins/org.eclipse.m2e.maven.runtime_3.9.900.20250220-2013/jars/jansi-2.4.1.jar
2025-06-23 19:41:17,316 [Worker-1: Launching mavenrun-84bc4fb3-9ff3-4c54-b13f-f98ec05f8af2] INFO  o.eclipse.m2e.core.internal.Bundles - 	Entry: /Applications/SpringToolsForEclipse.app/Contents/Eclipse/plugins/org.eclipse.m2e.maven.runtime_3.9.900.20250220-2013/jars/jcl-over-slf4j-1.7.36.jar
2025-06-23 19:41:17,316 [Worker-1: Launching mavenrun-84bc4fb3-9ff3-4c54-b13f-f98ec05f8af2] INFO  o.eclipse.m2e.core.internal.Bundles - 	Entry: /Applications/SpringToolsForEclipse.app/Contents/Eclipse/plugins/org.eclipse.m2e.maven.runtime_3.9.900.20250220-2013/jars/maven-artifact-3.9.9.jar
2025-06-23 19:41:17,316 [Worker-1: Launching mavenrun-84bc4fb3-9ff3-4c54-b13f-f98ec05f8af2] INFO  o.eclipse.m2e.core.internal.Bundles - 	Entry: /Applications/SpringToolsForEclipse.app/Contents/Eclipse/plugins/org.eclipse.m2e.maven.runtime_3.9.900.20250220-2013/jars/maven-builder-support-3.9.9.jar
2025-06-23 19:41:17,316 [Worker-1: Launching mavenrun-84bc4fb3-9ff3-4c54-b13f-f98ec05f8af2] INFO  o.eclipse.m2e.core.internal.Bundles - 	Entry: /Applications/SpringToolsForEclipse.app/Contents/Eclipse/plugins/org.eclipse.m2e.maven.runtime_3.9.900.20250220-2013/jars/maven-compat-3.9.9.jar
2025-06-23 19:41:17,316 [Worker-1: Launching mavenrun-84bc4fb3-9ff3-4c54-b13f-f98ec05f8af2] INFO  o.eclipse.m2e.core.internal.Bundles - 	Entry: /Applications/SpringToolsForEclipse.app/Contents/Eclipse/plugins/org.eclipse.m2e.maven.runtime_3.9.900.20250220-2013/jars/maven-core-3.9.9.jar
2025-06-23 19:41:17,316 [Worker-1: Launching mavenrun-84bc4fb3-9ff3-4c54-b13f-f98ec05f8af2] INFO  o.eclipse.m2e.core.internal.Bundles - 	Entry: /Applications/SpringToolsForEclipse.app/Contents/Eclipse/plugins/org.eclipse.m2e.maven.runtime_3.9.900.20250220-2013/jars/maven-embedder-3.9.9.jar
2025-06-23 19:41:17,316 [Worker-1: Launching mavenrun-84bc4fb3-9ff3-4c54-b13f-f98ec05f8af2] INFO  o.eclipse.m2e.core.internal.Bundles - 	Entry: /Applications/SpringToolsForEclipse.app/Contents/Eclipse/plugins/org.eclipse.m2e.maven.runtime_3.9.900.20250220-2013/jars/maven-model-3.9.9.jar
2025-06-23 19:41:17,316 [Worker-1: Launching mavenrun-84bc4fb3-9ff3-4c54-b13f-f98ec05f8af2] INFO  o.eclipse.m2e.core.internal.Bundles - 	Entry: /Applications/SpringToolsForEclipse.app/Contents/Eclipse/plugins/org.eclipse.m2e.maven.runtime_3.9.900.20250220-2013/jars/maven-model-builder-3.9.9.jar
2025-06-23 19:41:17,316 [Worker-1: Launching mavenrun-84bc4fb3-9ff3-4c54-b13f-f98ec05f8af2] INFO  o.eclipse.m2e.core.internal.Bundles - 	Entry: /Applications/SpringToolsForEclipse.app/Contents/Eclipse/plugins/org.eclipse.m2e.maven.runtime_3.9.900.20250220-2013/jars/maven-plugin-api-3.9.9.jar
2025-06-23 19:41:17,316 [Worker-1: Launching mavenrun-84bc4fb3-9ff3-4c54-b13f-f98ec05f8af2] INFO  o.eclipse.m2e.core.internal.Bundles - 	Entry: /Applications/SpringToolsForEclipse.app/Contents/Eclipse/plugins/org.eclipse.m2e.maven.runtime_3.9.900.20250220-2013/jars/maven-repository-metadata-3.9.9.jar
2025-06-23 19:41:17,316 [Worker-1: Launching mavenrun-84bc4fb3-9ff3-4c54-b13f-f98ec05f8af2] INFO  o.eclipse.m2e.core.internal.Bundles - 	Entry: /Applications/SpringToolsForEclipse.app/Contents/Eclipse/plugins/org.eclipse.m2e.maven.runtime_3.9.900.20250220-2013/jars/maven-resolver-api-1.9.22.jar
2025-06-23 19:41:17,316 [Worker-1: Launching mavenrun-84bc4fb3-9ff3-4c54-b13f-f98ec05f8af2] INFO  o.eclipse.m2e.core.internal.Bundles - 	Entry: /Applications/SpringToolsForEclipse.app/Contents/Eclipse/plugins/org.eclipse.m2e.maven.runtime_3.9.900.20250220-2013/jars/maven-resolver-connector-basic-1.9.22.jar
2025-06-23 19:41:17,316 [Worker-1: Launching mavenrun-84bc4fb3-9ff3-4c54-b13f-f98ec05f8af2] INFO  o.eclipse.m2e.core.internal.Bundles - 	Entry: /Applications/SpringToolsForEclipse.app/Contents/Eclipse/plugins/org.eclipse.m2e.maven.runtime_3.9.900.20250220-2013/jars/maven-resolver-impl-1.9.22.jar
2025-06-23 19:41:17,316 [Worker-1: Launching mavenrun-84bc4fb3-9ff3-4c54-b13f-f98ec05f8af2] INFO  o.eclipse.m2e.core.internal.Bundles - 	Entry: /Applications/SpringToolsForEclipse.app/Contents/Eclipse/plugins/org.eclipse.m2e.maven.runtime_3.9.900.20250220-2013/jars/maven-resolver-named-locks-1.9.22.jar
2025-06-23 19:41:17,317 [Worker-1: Launching mavenrun-84bc4fb3-9ff3-4c54-b13f-f98ec05f8af2] INFO  o.eclipse.m2e.core.internal.Bundles - 	Entry: /Applications/SpringToolsForEclipse.app/Contents/Eclipse/plugins/org.eclipse.m2e.maven.runtime_3.9.900.20250220-2013/jars/maven-resolver-provider-3.9.9.jar
2025-06-23 19:41:17,317 [Worker-1: Launching mavenrun-84bc4fb3-9ff3-4c54-b13f-f98ec05f8af2] INFO  o.eclipse.m2e.core.internal.Bundles - 	Entry: /Applications/SpringToolsForEclipse.app/Contents/Eclipse/plugins/org.eclipse.m2e.maven.runtime_3.9.900.20250220-2013/jars/maven-resolver-spi-1.9.22.jar
2025-06-23 19:41:17,317 [Worker-1: Launching mavenrun-84bc4fb3-9ff3-4c54-b13f-f98ec05f8af2] INFO  o.eclipse.m2e.core.internal.Bundles - 	Entry: /Applications/SpringToolsForEclipse.app/Contents/Eclipse/plugins/org.eclipse.m2e.maven.runtime_3.9.900.20250220-2013/jars/maven-resolver-transport-file-1.9.22.jar
2025-06-23 19:41:17,317 [Worker-1: Launching mavenrun-84bc4fb3-9ff3-4c54-b13f-f98ec05f8af2] INFO  o.eclipse.m2e.core.internal.Bundles - 	Entry: /Applications/SpringToolsForEclipse.app/Contents/Eclipse/plugins/org.eclipse.m2e.maven.runtime_3.9.900.20250220-2013/jars/maven-resolver-transport-http-1.9.22.jar
2025-06-23 19:41:17,317 [Worker-1: Launching mavenrun-84bc4fb3-9ff3-4c54-b13f-f98ec05f8af2] INFO  o.eclipse.m2e.core.internal.Bundles - 	Entry: /Applications/SpringToolsForEclipse.app/Contents/Eclipse/plugins/org.eclipse.m2e.maven.runtime_3.9.900.20250220-2013/jars/maven-resolver-transport-wagon-1.9.22.jar
2025-06-23 19:41:17,317 [Worker-1: Launching mavenrun-84bc4fb3-9ff3-4c54-b13f-f98ec05f8af2] INFO  o.eclipse.m2e.core.internal.Bundles - 	Entry: /Applications/SpringToolsForEclipse.app/Contents/Eclipse/plugins/org.eclipse.m2e.maven.runtime_3.9.900.20250220-2013/jars/maven-resolver-util-1.9.22.jar
2025-06-23 19:41:17,317 [Worker-1: Launching mavenrun-84bc4fb3-9ff3-4c54-b13f-f98ec05f8af2] INFO  o.eclipse.m2e.core.internal.Bundles - 	Entry: /Applications/SpringToolsForEclipse.app/Contents/Eclipse/plugins/org.eclipse.m2e.maven.runtime_3.9.900.20250220-2013/jars/maven-settings-3.9.9.jar
2025-06-23 19:41:17,317 [Worker-1: Launching mavenrun-84bc4fb3-9ff3-4c54-b13f-f98ec05f8af2] INFO  o.eclipse.m2e.core.internal.Bundles - 	Entry: /Applications/SpringToolsForEclipse.app/Contents/Eclipse/plugins/org.eclipse.m2e.maven.runtime_3.9.900.20250220-2013/jars/maven-settings-builder-3.9.9.jar
2025-06-23 19:41:17,317 [Worker-1: Launching mavenrun-84bc4fb3-9ff3-4c54-b13f-f98ec05f8af2] INFO  o.eclipse.m2e.core.internal.Bundles - 	Entry: /Applications/SpringToolsForEclipse.app/Contents/Eclipse/plugins/org.eclipse.m2e.maven.runtime_3.9.900.20250220-2013/jars/maven-shared-utils-3.4.2.jar
2025-06-23 19:41:17,317 [Worker-1: Launching mavenrun-84bc4fb3-9ff3-4c54-b13f-f98ec05f8af2] INFO  o.eclipse.m2e.core.internal.Bundles - 	Entry: /Applications/SpringToolsForEclipse.app/Contents/Eclipse/plugins/org.eclipse.m2e.maven.runtime_3.9.900.20250220-2013/jars/org.eclipse.sisu.inject-0.9.0.M3.jar
2025-06-23 19:41:17,317 [Worker-1: Launching mavenrun-84bc4fb3-9ff3-4c54-b13f-f98ec05f8af2] INFO  o.eclipse.m2e.core.internal.Bundles - 	Entry: /Applications/SpringToolsForEclipse.app/Contents/Eclipse/plugins/org.eclipse.m2e.maven.runtime_3.9.900.20250220-2013/jars/org.eclipse.sisu.plexus-0.9.0.M3.jar
2025-06-23 19:41:17,317 [Worker-1: Launching mavenrun-84bc4fb3-9ff3-4c54-b13f-f98ec05f8af2] INFO  o.eclipse.m2e.core.internal.Bundles - 	Entry: /Applications/SpringToolsForEclipse.app/Contents/Eclipse/plugins/org.eclipse.m2e.maven.runtime_3.9.900.20250220-2013/jars/plexus-build-api-0.0.7.jar
2025-06-23 19:41:17,317 [Worker-1: Launching mavenrun-84bc4fb3-9ff3-4c54-b13f-f98ec05f8af2] INFO  o.eclipse.m2e.core.internal.Bundles - 	Entry: /Applications/SpringToolsForEclipse.app/Contents/Eclipse/plugins/org.eclipse.m2e.maven.runtime_3.9.900.20250220-2013/jars/plexus-build-api-1.2.0.jar
2025-06-23 19:41:17,317 [Worker-1: Launching mavenrun-84bc4fb3-9ff3-4c54-b13f-f98ec05f8af2] INFO  o.eclipse.m2e.core.internal.Bundles - 	Entry: /Applications/SpringToolsForEclipse.app/Contents/Eclipse/plugins/org.eclipse.m2e.maven.runtime_3.9.900.20250220-2013/jars/plexus-cipher-2.0.jar
2025-06-23 19:41:17,317 [Worker-1: Launching mavenrun-84bc4fb3-9ff3-4c54-b13f-f98ec05f8af2] INFO  o.eclipse.m2e.core.internal.Bundles - 	Entry: /Applications/SpringToolsForEclipse.app/Contents/Eclipse/plugins/org.eclipse.m2e.maven.runtime_3.9.900.20250220-2013/jars/plexus-classworlds-2.8.0.jar
2025-06-23 19:41:17,317 [Worker-1: Launching mavenrun-84bc4fb3-9ff3-4c54-b13f-f98ec05f8af2] INFO  o.eclipse.m2e.core.internal.Bundles - 	Entry: /Applications/SpringToolsForEclipse.app/Contents/Eclipse/plugins/org.eclipse.m2e.maven.runtime_3.9.900.20250220-2013/jars/plexus-component-annotations-2.1.0.jar
2025-06-23 19:41:17,317 [Worker-1: Launching mavenrun-84bc4fb3-9ff3-4c54-b13f-f98ec05f8af2] INFO  o.eclipse.m2e.core.internal.Bundles - 	Entry: /Applications/SpringToolsForEclipse.app/Contents/Eclipse/plugins/org.eclipse.m2e.maven.runtime_3.9.900.20250220-2013/jars/plexus-interpolation-1.27.jar
2025-06-23 19:41:17,317 [Worker-1: Launching mavenrun-84bc4fb3-9ff3-4c54-b13f-f98ec05f8af2] INFO  o.eclipse.m2e.core.internal.Bundles - 	Entry: /Applications/SpringToolsForEclipse.app/Contents/Eclipse/plugins/org.eclipse.m2e.maven.runtime_3.9.900.20250220-2013/jars/plexus-sec-dispatcher-2.0.jar
2025-06-23 19:41:17,317 [Worker-1: Launching mavenrun-84bc4fb3-9ff3-4c54-b13f-f98ec05f8af2] INFO  o.eclipse.m2e.core.internal.Bundles - 	Entry: /Applications/SpringToolsForEclipse.app/Contents/Eclipse/plugins/org.eclipse.m2e.maven.runtime_3.9.900.20250220-2013/jars/plexus-utils-3.5.1.jar
2025-06-23 19:41:17,317 [Worker-1: Launching mavenrun-84bc4fb3-9ff3-4c54-b13f-f98ec05f8af2] INFO  o.eclipse.m2e.core.internal.Bundles - 	Entry: /Applications/SpringToolsForEclipse.app/Contents/Eclipse/plugins/org.eclipse.m2e.maven.runtime_3.9.900.20250220-2013/jars/plexus-xml-3.0.1.jar
2025-06-23 19:41:17,317 [Worker-1: Launching mavenrun-84bc4fb3-9ff3-4c54-b13f-f98ec05f8af2] INFO  o.eclipse.m2e.core.internal.Bundles - 	Entry: /Applications/SpringToolsForEclipse.app/Contents/Eclipse/plugins/org.eclipse.m2e.maven.runtime_3.9.900.20250220-2013/jars/wagon-file-3.5.3.jar
2025-06-23 19:41:17,317 [Worker-1: Launching mavenrun-84bc4fb3-9ff3-4c54-b13f-f98ec05f8af2] INFO  o.eclipse.m2e.core.internal.Bundles - 	Entry: /Applications/SpringToolsForEclipse.app/Contents/Eclipse/plugins/org.eclipse.m2e.maven.runtime_3.9.900.20250220-2013/jars/wagon-http-3.5.3.jar
2025-06-23 19:41:17,317 [Worker-1: Launching mavenrun-84bc4fb3-9ff3-4c54-b13f-f98ec05f8af2] INFO  o.eclipse.m2e.core.internal.Bundles - 	Entry: /Applications/SpringToolsForEclipse.app/Contents/Eclipse/plugins/org.eclipse.m2e.maven.runtime_3.9.900.20250220-2013/jars/wagon-http-shared-3.5.3.jar
2025-06-23 19:41:17,317 [Worker-1: Launching mavenrun-84bc4fb3-9ff3-4c54-b13f-f98ec05f8af2] INFO  o.eclipse.m2e.core.internal.Bundles - 	Entry: /Applications/SpringToolsForEclipse.app/Contents/Eclipse/plugins/org.eclipse.m2e.maven.runtime_3.9.900.20250220-2013/jars/wagon-provider-api-3.5.3.jar
2025-06-23 19:41:17,318 [Worker-1: Launching mavenrun-84bc4fb3-9ff3-4c54-b13f-f98ec05f8af2] INFO  o.eclipse.m2e.core.internal.Bundles - getClasspathEntries(Bundle=com.google.guava_33.4.8.jre [31])
2025-06-23 19:41:17,318 [Worker-1: Launching mavenrun-84bc4fb3-9ff3-4c54-b13f-f98ec05f8af2] INFO  o.eclipse.m2e.core.internal.Bundles - 	Entry: /Applications/SpringToolsForEclipse.app/Contents/Eclipse/plugins/com.google.guava_33.4.8.jre.jar
2025-06-23 19:41:17,318 [Worker-1: Launching mavenrun-84bc4fb3-9ff3-4c54-b13f-f98ec05f8af2] INFO  o.eclipse.m2e.core.internal.Bundles - getClasspathEntries(Bundle=slf4j.api_2.0.17 [611])
2025-06-23 19:41:17,318 [Worker-1: Launching mavenrun-84bc4fb3-9ff3-4c54-b13f-f98ec05f8af2] INFO  o.eclipse.m2e.core.internal.Bundles - 	Entry: /Applications/SpringToolsForEclipse.app/Contents/Eclipse/plugins/slf4j.api_2.0.17.jar
2025-06-23 19:41:17,318 [Worker-1: Launching mavenrun-84bc4fb3-9ff3-4c54-b13f-f98ec05f8af2] INFO  o.eclipse.m2e.core.internal.Bundles - getClasspathEntries(Bundle=jakarta.inject.jakarta.inject-api_1.0.5 [46])
2025-06-23 19:41:17,318 [Worker-1: Launching mavenrun-84bc4fb3-9ff3-4c54-b13f-f98ec05f8af2] INFO  o.eclipse.m2e.core.internal.Bundles - 	Entry: /Applications/SpringToolsForEclipse.app/Contents/Eclipse/plugins/jakarta.inject.jakarta.inject-api_1.0.5.jar
2025-06-23 19:41:17,318 [Worker-1: Launching mavenrun-84bc4fb3-9ff3-4c54-b13f-f98ec05f8af2] INFO  o.eclipse.m2e.core.internal.Bundles - getClasspathEntries(Bundle=javax.annotation_1.3.5.v20200909-1856 [55])
2025-06-23 19:41:17,318 [Worker-1: Launching mavenrun-84bc4fb3-9ff3-4c54-b13f-f98ec05f8af2] INFO  o.eclipse.m2e.core.internal.Bundles - 	Entry: /Applications/SpringToolsForEclipse.app/Contents/Eclipse/plugins/javax.annotation_1.3.5.v20200909-1856.jar
2025-06-23 19:41:17,318 [Worker-1: Launching mavenrun-84bc4fb3-9ff3-4c54-b13f-f98ec05f8af2] INFO  o.eclipse.m2e.core.internal.Bundles - getClasspathEntries(Bundle=org.apache.commons.cli_1.9.0 [79])
2025-06-23 19:41:17,318 [Worker-1: Launching mavenrun-84bc4fb3-9ff3-4c54-b13f-f98ec05f8af2] INFO  o.eclipse.m2e.core.internal.Bundles - 	Entry: /Applications/SpringToolsForEclipse.app/Contents/Eclipse/plugins/org.apache.commons.cli_1.9.0.jar
2025-06-23 19:41:17,318 [Worker-1: Launching mavenrun-84bc4fb3-9ff3-4c54-b13f-f98ec05f8af2] INFO  o.eclipse.m2e.core.internal.Bundles - getClasspathEntries(Bundle=org.apache.commons.commons-codec_1.16.0 [81])
2025-06-23 19:41:17,318 [Worker-1: Launching mavenrun-84bc4fb3-9ff3-4c54-b13f-f98ec05f8af2] INFO  o.eclipse.m2e.core.internal.Bundles - 	Entry: /Applications/SpringToolsForEclipse.app/Contents/Eclipse/plugins/org.apache.commons.commons-codec_1.16.0.jar
2025-06-23 19:41:17,318 [Worker-1: Launching mavenrun-84bc4fb3-9ff3-4c54-b13f-f98ec05f8af2] INFO  o.eclipse.m2e.core.internal.Bundles - getClasspathEntries(Bundle=com.google.guava.failureaccess_1.0.3 [32])
2025-06-23 19:41:17,318 [Worker-1: Launching mavenrun-84bc4fb3-9ff3-4c54-b13f-f98ec05f8af2] INFO  o.eclipse.m2e.core.internal.Bundles - 	Entry: /Applications/SpringToolsForEclipse.app/Contents/Eclipse/plugins/com.google.guava.failureaccess_1.0.3.jar
2025-06-23 19:41:17,322 [Worker-1: Launching mavenrun-84bc4fb3-9ff3-4c54-b13f-f98ec05f8af2] INFO  o.e.m.i.launch.MavenLaunchDelegate - Run build in "/var/folders/s4/jm9lp07d0_g15yxxtvhms2jw0000gn/T/m2e-archetypeGenerator5832668025379940772":
2025-06-23 19:41:17,325 [Worker-1: Launching mavenrun-84bc4fb3-9ff3-4c54-b13f-f98ec05f8af2] INFO  o.e.m.i.launch.MavenLaunchDelegate -  mvn  -Dcamel-version=2.25.4 -Dexec-maven-plugin-version=1.6.0 -Dmaven-compiler-plugin-version=3.8.0 -Dmaven-eclipse-plugin-version=2.10 -Dmaven-resources-plugin-version=3.0.2 -DarchetypeGroupId=org.apache.camel.archetypes -DarchetypeArtifactId=camel-archetype-groovy -DarchetypeVersion=2.25.4 -DgroupId=com.session -DartifactId=management -Dversion=0.0.1-SNAPSHOT -Dpackage=com.session.management -DoutputDirectory=/Users/varun/Documents/workspace-spring-tools-for-eclipse-4.31.0.RELEASE -Dstyle.color=always -U archetype:generate
2025-06-23 21:27:15,152 [Worker-26: Enabling Maven Dependency Management] INFO  o.e.m.c.i.e.AbstractTransferListenerAdapter - Downloading https://repo.maven.apache.org/maven2/org/apache/maven/plugins/maven-surefire-plugin/3.2.5/maven-surefire-plugin-3.2.5.jar
2025-06-23 21:27:15,200 [Worker-26: Enabling Maven Dependency Management] INFO  o.e.m.c.i.e.AbstractTransferListenerAdapter - Downloaded https://repo.maven.apache.org/maven2/org/apache/maven/plugins/maven-surefire-plugin/3.2.5/maven-surefire-plugin-3.2.5.jar
2025-06-23 21:27:15,341 [Worker-26: Enabling Maven Dependency Management] INFO  o.e.m.c.i.e.AbstractTransferListenerAdapter - Downloading https://repo.maven.apache.org/maven2/org/codehaus/plexus/plexus-java/1.2.0/plexus-java-1.2.0.jar
2025-06-23 21:27:15,359 [Worker-26: Enabling Maven Dependency Management] INFO  o.e.m.c.i.e.AbstractTransferListenerAdapter - Downloaded https://repo.maven.apache.org/maven2/org/codehaus/plexus/plexus-java/1.2.0/plexus-java-1.2.0.jar
2025-06-23 21:27:15,408 [BasicRepositoryConnector-repo.maven.apache.org-0-1] INFO  o.e.m.c.i.e.AbstractTransferListenerAdapter - Downloading https://repo.maven.apache.org/maven2/com/thoughtworks/qdox/qdox/2.0.3/qdox-2.0.3.jar
2025-06-23 21:27:15,514 [BasicRepositoryConnector-repo.maven.apache.org-0-1] INFO  o.e.m.c.i.e.AbstractTransferListenerAdapter - Downloaded https://repo.maven.apache.org/maven2/com/thoughtworks/qdox/qdox/2.0.3/qdox-2.0.3.jar
2025-06-23 21:27:15,519 [BasicRepositoryConnector-repo.maven.apache.org-0-0] INFO  o.e.m.c.i.e.AbstractTransferListenerAdapter - Downloading https://repo.maven.apache.org/maven2/org/ow2/asm/asm/9.6/asm-9.6.jar
2025-06-23 21:27:15,526 [BasicRepositoryConnector-repo.maven.apache.org-0-2] INFO  o.e.m.c.i.e.AbstractTransferListenerAdapter - Downloading https://repo.maven.apache.org/maven2/org/codehaus/plexus/plexus-xml/3.0.0/plexus-xml-3.0.0.jar
2025-06-23 21:27:15,531 [BasicRepositoryConnector-repo.maven.apache.org-0-3] INFO  o.e.m.c.i.e.AbstractTransferListenerAdapter - Downloading https://repo.maven.apache.org/maven2/org/codehaus/plexus/plexus-utils/4.0.0/plexus-utils-4.0.0.jar
2025-06-23 21:27:15,608 [BasicRepositoryConnector-repo.maven.apache.org-0-2] INFO  o.e.m.c.i.e.AbstractTransferListenerAdapter - Downloaded https://repo.maven.apache.org/maven2/org/codehaus/plexus/plexus-xml/3.0.0/plexus-xml-3.0.0.jar
2025-06-23 21:27:15,618 [BasicRepositoryConnector-repo.maven.apache.org-0-0] INFO  o.e.m.c.i.e.AbstractTransferListenerAdapter - Downloaded https://repo.maven.apache.org/maven2/org/ow2/asm/asm/9.6/asm-9.6.jar
2025-06-23 21:27:15,656 [BasicRepositoryConnector-repo.maven.apache.org-0-3] INFO  o.e.m.c.i.e.AbstractTransferListenerAdapter - Downloaded https://repo.maven.apache.org/maven2/org/codehaus/plexus/plexus-utils/4.0.0/plexus-utils-4.0.0.jar
2025-06-23 21:27:15,704 [Worker-26: Enabling Maven Dependency Management] INFO  o.e.m.c.i.l.LifecycleMappingFactory - Using org.eclipse.m2e.jdt.JarLifecycleMapping lifecycle mapping for MavenProject: session-management:session-management:0.0.1-SNAPSHOT @ /Users/varun/Documents/workspace-spring-tools-for-eclipse-4.31.0.RELEASE/session-management/pom.xml.
2025-06-23 21:27:15,765 [Worker-26: Enabling Maven Dependency Management] INFO  o.e.m.c.i.e.AbstractTransferListenerAdapter - Downloading https://repo.maven.apache.org/maven2/org/apache/maven/plugins/maven-surefire-plugin/3.2.5/maven-surefire-plugin-3.2.5.pom
2025-06-23 21:27:15,766 [Worker-26: Enabling Maven Dependency Management] INFO  o.e.m.c.i.e.AbstractTransferListenerAdapter - Downloaded https://repo.maven.apache.org/maven2/org/apache/maven/plugins/maven-surefire-plugin/3.2.5/maven-surefire-plugin-3.2.5.pom
2025-06-23 21:27:15,814 [Worker-26: Enabling Maven Dependency Management] INFO  o.e.m.c.i.e.AbstractTransferListenerAdapter - Downloading https://repo.maven.apache.org/maven2/org/apache/maven/surefire/surefire/3.2.5/surefire-3.2.5.pom
2025-06-23 21:27:15,819 [Worker-26: Enabling Maven Dependency Management] INFO  o.e.m.c.i.e.AbstractTransferListenerAdapter - Downloaded https://repo.maven.apache.org/maven2/org/apache/maven/surefire/surefire/3.2.5/surefire-3.2.5.pom
2025-06-23 21:27:15,918 [Worker-26: Enabling Maven Dependency Management] INFO  o.e.m.c.i.e.AbstractTransferListenerAdapter - Downloading https://repo.maven.apache.org/maven2/org/apache/maven/shared/file-management/3.1.0/file-management-3.1.0.jar
2025-06-23 21:27:15,924 [Worker-26: Enabling Maven Dependency Management] INFO  o.e.m.c.i.e.AbstractTransferListenerAdapter - Downloaded https://repo.maven.apache.org/maven2/org/apache/maven/shared/file-management/3.1.0/file-management-3.1.0.jar
2025-06-23 21:27:15,972 [BasicRepositoryConnector-repo.maven.apache.org-1-3] INFO  o.e.m.c.i.e.AbstractTransferListenerAdapter - Downloading https://repo.maven.apache.org/maven2/org/codehaus/plexus/plexus-io/3.4.2/plexus-io-3.4.2.jar
2025-06-23 21:27:15,972 [BasicRepositoryConnector-repo.maven.apache.org-1-1] INFO  o.e.m.c.i.e.AbstractTransferListenerAdapter - Downloading https://repo.maven.apache.org/maven2/org/apache/maven/maven-archiver/3.6.2/maven-archiver-3.6.2.jar
2025-06-23 21:27:15,975 [BasicRepositoryConnector-repo.maven.apache.org-1-0] INFO  o.e.m.c.i.e.AbstractTransferListenerAdapter - Downloading https://repo.maven.apache.org/maven2/commons-io/commons-io/2.16.1/commons-io-2.16.1.jar
2025-06-23 21:27:15,986 [BasicRepositoryConnector-repo.maven.apache.org-1-3] INFO  o.e.m.c.i.e.AbstractTransferListenerAdapter - Downloaded https://repo.maven.apache.org/maven2/org/codehaus/plexus/plexus-io/3.4.2/plexus-io-3.4.2.jar
2025-06-23 21:27:15,990 [BasicRepositoryConnector-repo.maven.apache.org-1-1] INFO  o.e.m.c.i.e.AbstractTransferListenerAdapter - Downloaded https://repo.maven.apache.org/maven2/org/apache/maven/maven-archiver/3.6.2/maven-archiver-3.6.2.jar
2025-06-23 21:27:16,036 [BasicRepositoryConnector-repo.maven.apache.org-1-3] INFO  o.e.m.c.i.e.AbstractTransferListenerAdapter - Downloading https://repo.maven.apache.org/maven2/org/apache/commons/commons-lang3/3.14.0/commons-lang3-3.14.0.jar
2025-06-23 21:27:16,056 [BasicRepositoryConnector-repo.maven.apache.org-1-1] INFO  o.e.m.c.i.e.AbstractTransferListenerAdapter - Downloading https://repo.maven.apache.org/maven2/commons-codec/commons-codec/1.16.1/commons-codec-1.16.1.jar
2025-06-23 21:27:16,108 [BasicRepositoryConnector-repo.maven.apache.org-1-2] INFO  o.e.m.c.i.e.AbstractTransferListenerAdapter - Downloading https://repo.maven.apache.org/maven2/org/codehaus/plexus/plexus-archiver/4.9.2/plexus-archiver-4.9.2.jar
2025-06-23 21:27:16,143 [BasicRepositoryConnector-repo.maven.apache.org-1-0] INFO  o.e.m.c.i.e.AbstractTransferListenerAdapter - Downloaded https://repo.maven.apache.org/maven2/commons-io/commons-io/2.16.1/commons-io-2.16.1.jar
2025-06-23 21:27:16,160 [BasicRepositoryConnector-repo.maven.apache.org-1-4] INFO  o.e.m.c.i.e.AbstractTransferListenerAdapter - Downloading https://repo.maven.apache.org/maven2/org/apache/commons/commons-compress/1.26.1/commons-compress-1.26.1.jar
2025-06-23 21:27:16,169 [BasicRepositoryConnector-repo.maven.apache.org-1-2] INFO  o.e.m.c.i.e.AbstractTransferListenerAdapter - Downloaded https://repo.maven.apache.org/maven2/org/codehaus/plexus/plexus-archiver/4.9.2/plexus-archiver-4.9.2.jar
2025-06-23 21:27:16,199 [BasicRepositoryConnector-repo.maven.apache.org-1-3] INFO  o.e.m.c.i.e.AbstractTransferListenerAdapter - Downloaded https://repo.maven.apache.org/maven2/org/apache/commons/commons-lang3/3.14.0/commons-lang3-3.14.0.jar
2025-06-23 21:27:16,223 [BasicRepositoryConnector-repo.maven.apache.org-1-0] INFO  o.e.m.c.i.e.AbstractTransferListenerAdapter - Downloading https://repo.maven.apache.org/maven2/org/iq80/snappy/snappy/0.4/snappy-0.4.jar
2025-06-23 21:27:16,225 [BasicRepositoryConnector-repo.maven.apache.org-1-1] INFO  o.e.m.c.i.e.AbstractTransferListenerAdapter - Downloaded https://repo.maven.apache.org/maven2/commons-codec/commons-codec/1.16.1/commons-codec-1.16.1.jar
2025-06-23 21:27:16,227 [BasicRepositoryConnector-repo.maven.apache.org-1-0] INFO  o.e.m.c.i.e.AbstractTransferListenerAdapter - Downloaded https://repo.maven.apache.org/maven2/org/iq80/snappy/snappy/0.4/snappy-0.4.jar
2025-06-23 21:27:16,229 [BasicRepositoryConnector-repo.maven.apache.org-1-2] INFO  o.e.m.c.i.e.AbstractTransferListenerAdapter - Downloading https://repo.maven.apache.org/maven2/com/github/luben/zstd-jni/1.5.5-11/zstd-jni-1.5.5-11.jar
2025-06-23 21:27:16,793 [BasicRepositoryConnector-repo.maven.apache.org-1-4] INFO  o.e.m.c.i.e.AbstractTransferListenerAdapter - Downloaded https://repo.maven.apache.org/maven2/org/apache/commons/commons-compress/1.26.1/commons-compress-1.26.1.jar
2025-06-23 21:27:19,081 [BasicRepositoryConnector-repo.maven.apache.org-1-2] INFO  o.e.m.c.i.e.AbstractTransferListenerAdapter - Downloaded https://repo.maven.apache.org/maven2/com/github/luben/zstd-jni/1.5.5-11/zstd-jni-1.5.5-11.jar
2025-06-23 21:27:19,249 [Worker-26: Enabling Maven Dependency Management] INFO  o.e.m.j.i.AbstractJavaProjectConfigurator - Adding source folder /session-management/src/main/java
2025-06-23 21:27:19,249 [Worker-26: Enabling Maven Dependency Management] INFO  o.e.m.j.i.AbstractJavaProjectConfigurator - Adding resource folder /session-management/src/main/resources
2025-06-23 21:27:19,250 [Worker-26: Enabling Maven Dependency Management] INFO  o.e.m.j.i.AbstractJavaProjectConfigurator - Adding source folder /session-management/src/test/java
2025-06-23 21:27:19,250 [Worker-26: Enabling Maven Dependency Management] INFO  o.e.m.j.i.AbstractJavaProjectConfigurator - Adding resource folder /session-management/src/test/resources
2025-06-23 21:27:19,404 [Worker-26: Enabling Maven Dependency Management] INFO  o.e.m.c.i.p.ProjectConfigurationManager - Update started
2025-06-23 21:27:19,492 [Worker-26: Enabling Maven Dependency Management] INFO  o.e.m.c.i.l.LifecycleMappingFactory - Using org.eclipse.m2e.jdt.JarLifecycleMapping lifecycle mapping for MavenProject: session-management:session-management:0.0.1-SNAPSHOT @ /Users/varun/Documents/workspace-spring-tools-for-eclipse-4.31.0.RELEASE/session-management/pom.xml.
2025-06-23 21:27:19,527 [Worker-26: Enabling Maven Dependency Management] INFO  o.e.m.j.i.AbstractJavaProjectConfigurator - Adding source folder /session-management/src/main/java
2025-06-23 21:27:19,527 [Worker-26: Enabling Maven Dependency Management] INFO  o.e.m.j.i.AbstractJavaProjectConfigurator - Adding resource folder /session-management/src/main/resources
2025-06-23 21:27:19,527 [Worker-26: Enabling Maven Dependency Management] INFO  o.e.m.j.i.AbstractJavaProjectConfigurator - Adding source folder /session-management/src/test/java
2025-06-23 21:27:19,527 [Worker-26: Enabling Maven Dependency Management] INFO  o.e.m.j.i.AbstractJavaProjectConfigurator - Adding resource folder /session-management/src/test/resources
2025-06-23 21:27:19,619 [Worker-26: Enabling Maven Dependency Management] INFO  o.e.m.c.i.p.ProjectConfigurationManager - Update completed for 1 poms: local refresh takes 0.00 sec, refresh facades takes 0.00 sec, update config takes 0.00 sec 
2025-06-23 21:27:19,775 [Worker-43: Building] WARN  o.a.m.s.f.DefaultMavenResourcesFiltering - Using platform encoding (UTF-8 actually) to copy filtered resources, i.e. build is platform dependent!
2025-06-23 21:27:19,777 [Worker-43: Building] INFO  o.a.m.s.f.DefaultMavenResourcesFiltering - Copying 1 resource from src/main/resources to target/classes
2025-06-23 21:27:19,784 [Worker-43: Building] WARN  o.a.m.s.f.DefaultMavenResourcesFiltering - Using platform encoding (UTF-8 actually) to copy filtered resources, i.e. build is platform dependent!
2025-06-23 21:27:19,784 [Worker-43: Building] INFO  o.a.m.s.f.DefaultMavenResourcesFiltering - skip non existing resourceDirectory /Users/varun/Documents/workspace-spring-tools-for-eclipse-4.31.0.RELEASE/session-management/src/test/resources
2025-06-23 21:27:37,804 [Worker-33: Launching Executing clean in _Users_varun_Documents_workspace-spring-tools-for-eclipse-4.31.0.RELEASE_session-management] INFO  o.eclipse.m2e.core.internal.Bundles - getClasspathEntries(Bundle=org.eclipse.m2e.maven.runtime_3.9.900.20250220-2013 [362])
2025-06-23 21:27:37,805 [Worker-33: Launching Executing clean in _Users_varun_Documents_workspace-spring-tools-for-eclipse-4.31.0.RELEASE_session-management] INFO  o.eclipse.m2e.core.internal.Bundles - 	Entry: /Applications/SpringToolsForEclipse.app/Contents/Eclipse/plugins/org.eclipse.m2e.maven.runtime_3.9.900.20250220-2013
2025-06-23 21:27:37,805 [Worker-33: Launching Executing clean in _Users_varun_Documents_workspace-spring-tools-for-eclipse-4.31.0.RELEASE_session-management] INFO  o.eclipse.m2e.core.internal.Bundles - 	Entry: /Applications/SpringToolsForEclipse.app/Contents/Eclipse/plugins/org.eclipse.m2e.maven.runtime_3.9.900.20250220-2013/jars/aopalliance-1.0.jar
2025-06-23 21:27:37,806 [Worker-33: Launching Executing clean in _Users_varun_Documents_workspace-spring-tools-for-eclipse-4.31.0.RELEASE_session-management] INFO  o.eclipse.m2e.core.internal.Bundles - 	Entry: /Applications/SpringToolsForEclipse.app/Contents/Eclipse/plugins/org.eclipse.m2e.maven.runtime_3.9.900.20250220-2013/jars/guice-5.1.0.jar
2025-06-23 21:27:37,806 [Worker-33: Launching Executing clean in _Users_varun_Documents_workspace-spring-tools-for-eclipse-4.31.0.RELEASE_session-management] INFO  o.eclipse.m2e.core.internal.Bundles - 	Entry: /Applications/SpringToolsForEclipse.app/Contents/Eclipse/plugins/org.eclipse.m2e.maven.runtime_3.9.900.20250220-2013/jars/httpclient-4.5.14.jar
2025-06-23 21:27:37,806 [Worker-33: Launching Executing clean in _Users_varun_Documents_workspace-spring-tools-for-eclipse-4.31.0.RELEASE_session-management] INFO  o.eclipse.m2e.core.internal.Bundles - 	Entry: /Applications/SpringToolsForEclipse.app/Contents/Eclipse/plugins/org.eclipse.m2e.maven.runtime_3.9.900.20250220-2013/jars/httpcore-4.4.16.jar
2025-06-23 21:27:37,806 [Worker-33: Launching Executing clean in _Users_varun_Documents_workspace-spring-tools-for-eclipse-4.31.0.RELEASE_session-management] INFO  o.eclipse.m2e.core.internal.Bundles - 	Entry: /Applications/SpringToolsForEclipse.app/Contents/Eclipse/plugins/org.eclipse.m2e.maven.runtime_3.9.900.20250220-2013/jars/jansi-2.4.1.jar
2025-06-23 21:27:37,806 [Worker-33: Launching Executing clean in _Users_varun_Documents_workspace-spring-tools-for-eclipse-4.31.0.RELEASE_session-management] INFO  o.eclipse.m2e.core.internal.Bundles - 	Entry: /Applications/SpringToolsForEclipse.app/Contents/Eclipse/plugins/org.eclipse.m2e.maven.runtime_3.9.900.20250220-2013/jars/jcl-over-slf4j-1.7.36.jar
2025-06-23 21:27:37,806 [Worker-33: Launching Executing clean in _Users_varun_Documents_workspace-spring-tools-for-eclipse-4.31.0.RELEASE_session-management] INFO  o.eclipse.m2e.core.internal.Bundles - 	Entry: /Applications/SpringToolsForEclipse.app/Contents/Eclipse/plugins/org.eclipse.m2e.maven.runtime_3.9.900.20250220-2013/jars/maven-artifact-3.9.9.jar
2025-06-23 21:27:37,806 [Worker-33: Launching Executing clean in _Users_varun_Documents_workspace-spring-tools-for-eclipse-4.31.0.RELEASE_session-management] INFO  o.eclipse.m2e.core.internal.Bundles - 	Entry: /Applications/SpringToolsForEclipse.app/Contents/Eclipse/plugins/org.eclipse.m2e.maven.runtime_3.9.900.20250220-2013/jars/maven-builder-support-3.9.9.jar
2025-06-23 21:27:37,806 [Worker-33: Launching Executing clean in _Users_varun_Documents_workspace-spring-tools-for-eclipse-4.31.0.RELEASE_session-management] INFO  o.eclipse.m2e.core.internal.Bundles - 	Entry: /Applications/SpringToolsForEclipse.app/Contents/Eclipse/plugins/org.eclipse.m2e.maven.runtime_3.9.900.20250220-2013/jars/maven-compat-3.9.9.jar
2025-06-23 21:27:37,806 [Worker-33: Launching Executing clean in _Users_varun_Documents_workspace-spring-tools-for-eclipse-4.31.0.RELEASE_session-management] INFO  o.eclipse.m2e.core.internal.Bundles - 	Entry: /Applications/SpringToolsForEclipse.app/Contents/Eclipse/plugins/org.eclipse.m2e.maven.runtime_3.9.900.20250220-2013/jars/maven-core-3.9.9.jar
2025-06-23 21:27:37,806 [Worker-33: Launching Executing clean in _Users_varun_Documents_workspace-spring-tools-for-eclipse-4.31.0.RELEASE_session-management] INFO  o.eclipse.m2e.core.internal.Bundles - 	Entry: /Applications/SpringToolsForEclipse.app/Contents/Eclipse/plugins/org.eclipse.m2e.maven.runtime_3.9.900.20250220-2013/jars/maven-embedder-3.9.9.jar
2025-06-23 21:27:37,806 [Worker-33: Launching Executing clean in _Users_varun_Documents_workspace-spring-tools-for-eclipse-4.31.0.RELEASE_session-management] INFO  o.eclipse.m2e.core.internal.Bundles - 	Entry: /Applications/SpringToolsForEclipse.app/Contents/Eclipse/plugins/org.eclipse.m2e.maven.runtime_3.9.900.20250220-2013/jars/maven-model-3.9.9.jar
2025-06-23 21:27:37,806 [Worker-33: Launching Executing clean in _Users_varun_Documents_workspace-spring-tools-for-eclipse-4.31.0.RELEASE_session-management] INFO  o.eclipse.m2e.core.internal.Bundles - 	Entry: /Applications/SpringToolsForEclipse.app/Contents/Eclipse/plugins/org.eclipse.m2e.maven.runtime_3.9.900.20250220-2013/jars/maven-model-builder-3.9.9.jar
2025-06-23 21:27:37,806 [Worker-33: Launching Executing clean in _Users_varun_Documents_workspace-spring-tools-for-eclipse-4.31.0.RELEASE_session-management] INFO  o.eclipse.m2e.core.internal.Bundles - 	Entry: /Applications/SpringToolsForEclipse.app/Contents/Eclipse/plugins/org.eclipse.m2e.maven.runtime_3.9.900.20250220-2013/jars/maven-plugin-api-3.9.9.jar
2025-06-23 21:27:37,806 [Worker-33: Launching Executing clean in _Users_varun_Documents_workspace-spring-tools-for-eclipse-4.31.0.RELEASE_session-management] INFO  o.eclipse.m2e.core.internal.Bundles - 	Entry: /Applications/SpringToolsForEclipse.app/Contents/Eclipse/plugins/org.eclipse.m2e.maven.runtime_3.9.900.20250220-2013/jars/maven-repository-metadata-3.9.9.jar
2025-06-23 21:27:37,806 [Worker-33: Launching Executing clean in _Users_varun_Documents_workspace-spring-tools-for-eclipse-4.31.0.RELEASE_session-management] INFO  o.eclipse.m2e.core.internal.Bundles - 	Entry: /Applications/SpringToolsForEclipse.app/Contents/Eclipse/plugins/org.eclipse.m2e.maven.runtime_3.9.900.20250220-2013/jars/maven-resolver-api-1.9.22.jar
2025-06-23 21:27:37,806 [Worker-33: Launching Executing clean in _Users_varun_Documents_workspace-spring-tools-for-eclipse-4.31.0.RELEASE_session-management] INFO  o.eclipse.m2e.core.internal.Bundles - 	Entry: /Applications/SpringToolsForEclipse.app/Contents/Eclipse/plugins/org.eclipse.m2e.maven.runtime_3.9.900.20250220-2013/jars/maven-resolver-connector-basic-1.9.22.jar
2025-06-23 21:27:37,806 [Worker-33: Launching Executing clean in _Users_varun_Documents_workspace-spring-tools-for-eclipse-4.31.0.RELEASE_session-management] INFO  o.eclipse.m2e.core.internal.Bundles - 	Entry: /Applications/SpringToolsForEclipse.app/Contents/Eclipse/plugins/org.eclipse.m2e.maven.runtime_3.9.900.20250220-2013/jars/maven-resolver-impl-1.9.22.jar
2025-06-23 21:27:37,806 [Worker-33: Launching Executing clean in _Users_varun_Documents_workspace-spring-tools-for-eclipse-4.31.0.RELEASE_session-management] INFO  o.eclipse.m2e.core.internal.Bundles - 	Entry: /Applications/SpringToolsForEclipse.app/Contents/Eclipse/plugins/org.eclipse.m2e.maven.runtime_3.9.900.20250220-2013/jars/maven-resolver-named-locks-1.9.22.jar
2025-06-23 21:27:37,806 [Worker-33: Launching Executing clean in _Users_varun_Documents_workspace-spring-tools-for-eclipse-4.31.0.RELEASE_session-management] INFO  o.eclipse.m2e.core.internal.Bundles - 	Entry: /Applications/SpringToolsForEclipse.app/Contents/Eclipse/plugins/org.eclipse.m2e.maven.runtime_3.9.900.20250220-2013/jars/maven-resolver-provider-3.9.9.jar
2025-06-23 21:27:37,806 [Worker-33: Launching Executing clean in _Users_varun_Documents_workspace-spring-tools-for-eclipse-4.31.0.RELEASE_session-management] INFO  o.eclipse.m2e.core.internal.Bundles - 	Entry: /Applications/SpringToolsForEclipse.app/Contents/Eclipse/plugins/org.eclipse.m2e.maven.runtime_3.9.900.20250220-2013/jars/maven-resolver-spi-1.9.22.jar
2025-06-23 21:27:37,806 [Worker-33: Launching Executing clean in _Users_varun_Documents_workspace-spring-tools-for-eclipse-4.31.0.RELEASE_session-management] INFO  o.eclipse.m2e.core.internal.Bundles - 	Entry: /Applications/SpringToolsForEclipse.app/Contents/Eclipse/plugins/org.eclipse.m2e.maven.runtime_3.9.900.20250220-2013/jars/maven-resolver-transport-file-1.9.22.jar
2025-06-23 21:27:37,806 [Worker-33: Launching Executing clean in _Users_varun_Documents_workspace-spring-tools-for-eclipse-4.31.0.RELEASE_session-management] INFO  o.eclipse.m2e.core.internal.Bundles - 	Entry: /Applications/SpringToolsForEclipse.app/Contents/Eclipse/plugins/org.eclipse.m2e.maven.runtime_3.9.900.20250220-2013/jars/maven-resolver-transport-http-1.9.22.jar
2025-06-23 21:27:37,806 [Worker-33: Launching Executing clean in _Users_varun_Documents_workspace-spring-tools-for-eclipse-4.31.0.RELEASE_session-management] INFO  o.eclipse.m2e.core.internal.Bundles - 	Entry: /Applications/SpringToolsForEclipse.app/Contents/Eclipse/plugins/org.eclipse.m2e.maven.runtime_3.9.900.20250220-2013/jars/maven-resolver-transport-wagon-1.9.22.jar
2025-06-23 21:27:37,806 [Worker-33: Launching Executing clean in _Users_varun_Documents_workspace-spring-tools-for-eclipse-4.31.0.RELEASE_session-management] INFO  o.eclipse.m2e.core.internal.Bundles - 	Entry: /Applications/SpringToolsForEclipse.app/Contents/Eclipse/plugins/org.eclipse.m2e.maven.runtime_3.9.900.20250220-2013/jars/maven-resolver-util-1.9.22.jar
2025-06-23 21:27:37,806 [Worker-33: Launching Executing clean in _Users_varun_Documents_workspace-spring-tools-for-eclipse-4.31.0.RELEASE_session-management] INFO  o.eclipse.m2e.core.internal.Bundles - 	Entry: /Applications/SpringToolsForEclipse.app/Contents/Eclipse/plugins/org.eclipse.m2e.maven.runtime_3.9.900.20250220-2013/jars/maven-settings-3.9.9.jar
2025-06-23 21:27:37,806 [Worker-33: Launching Executing clean in _Users_varun_Documents_workspace-spring-tools-for-eclipse-4.31.0.RELEASE_session-management] INFO  o.eclipse.m2e.core.internal.Bundles - 	Entry: /Applications/SpringToolsForEclipse.app/Contents/Eclipse/plugins/org.eclipse.m2e.maven.runtime_3.9.900.20250220-2013/jars/maven-settings-builder-3.9.9.jar
2025-06-23 21:27:37,806 [Worker-33: Launching Executing clean in _Users_varun_Documents_workspace-spring-tools-for-eclipse-4.31.0.RELEASE_session-management] INFO  o.eclipse.m2e.core.internal.Bundles - 	Entry: /Applications/SpringToolsForEclipse.app/Contents/Eclipse/plugins/org.eclipse.m2e.maven.runtime_3.9.900.20250220-2013/jars/maven-shared-utils-3.4.2.jar
2025-06-23 21:27:37,806 [Worker-33: Launching Executing clean in _Users_varun_Documents_workspace-spring-tools-for-eclipse-4.31.0.RELEASE_session-management] INFO  o.eclipse.m2e.core.internal.Bundles - 	Entry: /Applications/SpringToolsForEclipse.app/Contents/Eclipse/plugins/org.eclipse.m2e.maven.runtime_3.9.900.20250220-2013/jars/org.eclipse.sisu.inject-0.9.0.M3.jar
2025-06-23 21:27:37,807 [Worker-33: Launching Executing clean in _Users_varun_Documents_workspace-spring-tools-for-eclipse-4.31.0.RELEASE_session-management] INFO  o.eclipse.m2e.core.internal.Bundles - 	Entry: /Applications/SpringToolsForEclipse.app/Contents/Eclipse/plugins/org.eclipse.m2e.maven.runtime_3.9.900.20250220-2013/jars/org.eclipse.sisu.plexus-0.9.0.M3.jar
2025-06-23 21:27:37,807 [Worker-33: Launching Executing clean in _Users_varun_Documents_workspace-spring-tools-for-eclipse-4.31.0.RELEASE_session-management] INFO  o.eclipse.m2e.core.internal.Bundles - 	Entry: /Applications/SpringToolsForEclipse.app/Contents/Eclipse/plugins/org.eclipse.m2e.maven.runtime_3.9.900.20250220-2013/jars/plexus-build-api-0.0.7.jar
2025-06-23 21:27:37,807 [Worker-33: Launching Executing clean in _Users_varun_Documents_workspace-spring-tools-for-eclipse-4.31.0.RELEASE_session-management] INFO  o.eclipse.m2e.core.internal.Bundles - 	Entry: /Applications/SpringToolsForEclipse.app/Contents/Eclipse/plugins/org.eclipse.m2e.maven.runtime_3.9.900.20250220-2013/jars/plexus-build-api-1.2.0.jar
2025-06-23 21:27:37,807 [Worker-33: Launching Executing clean in _Users_varun_Documents_workspace-spring-tools-for-eclipse-4.31.0.RELEASE_session-management] INFO  o.eclipse.m2e.core.internal.Bundles - 	Entry: /Applications/SpringToolsForEclipse.app/Contents/Eclipse/plugins/org.eclipse.m2e.maven.runtime_3.9.900.20250220-2013/jars/plexus-cipher-2.0.jar
2025-06-23 21:27:37,807 [Worker-33: Launching Executing clean in _Users_varun_Documents_workspace-spring-tools-for-eclipse-4.31.0.RELEASE_session-management] INFO  o.eclipse.m2e.core.internal.Bundles - 	Entry: /Applications/SpringToolsForEclipse.app/Contents/Eclipse/plugins/org.eclipse.m2e.maven.runtime_3.9.900.20250220-2013/jars/plexus-classworlds-2.8.0.jar
2025-06-23 21:27:37,807 [Worker-33: Launching Executing clean in _Users_varun_Documents_workspace-spring-tools-for-eclipse-4.31.0.RELEASE_session-management] INFO  o.eclipse.m2e.core.internal.Bundles - 	Entry: /Applications/SpringToolsForEclipse.app/Contents/Eclipse/plugins/org.eclipse.m2e.maven.runtime_3.9.900.20250220-2013/jars/plexus-component-annotations-2.1.0.jar
2025-06-23 21:27:37,807 [Worker-33: Launching Executing clean in _Users_varun_Documents_workspace-spring-tools-for-eclipse-4.31.0.RELEASE_session-management] INFO  o.eclipse.m2e.core.internal.Bundles - 	Entry: /Applications/SpringToolsForEclipse.app/Contents/Eclipse/plugins/org.eclipse.m2e.maven.runtime_3.9.900.20250220-2013/jars/plexus-interpolation-1.27.jar
2025-06-23 21:27:37,807 [Worker-33: Launching Executing clean in _Users_varun_Documents_workspace-spring-tools-for-eclipse-4.31.0.RELEASE_session-management] INFO  o.eclipse.m2e.core.internal.Bundles - 	Entry: /Applications/SpringToolsForEclipse.app/Contents/Eclipse/plugins/org.eclipse.m2e.maven.runtime_3.9.900.20250220-2013/jars/plexus-sec-dispatcher-2.0.jar
2025-06-23 21:27:37,807 [Worker-33: Launching Executing clean in _Users_varun_Documents_workspace-spring-tools-for-eclipse-4.31.0.RELEASE_session-management] INFO  o.eclipse.m2e.core.internal.Bundles - 	Entry: /Applications/SpringToolsForEclipse.app/Contents/Eclipse/plugins/org.eclipse.m2e.maven.runtime_3.9.900.20250220-2013/jars/plexus-utils-3.5.1.jar
2025-06-23 21:27:37,807 [Worker-33: Launching Executing clean in _Users_varun_Documents_workspace-spring-tools-for-eclipse-4.31.0.RELEASE_session-management] INFO  o.eclipse.m2e.core.internal.Bundles - 	Entry: /Applications/SpringToolsForEclipse.app/Contents/Eclipse/plugins/org.eclipse.m2e.maven.runtime_3.9.900.20250220-2013/jars/plexus-xml-3.0.1.jar
2025-06-23 21:27:37,807 [Worker-33: Launching Executing clean in _Users_varun_Documents_workspace-spring-tools-for-eclipse-4.31.0.RELEASE_session-management] INFO  o.eclipse.m2e.core.internal.Bundles - 	Entry: /Applications/SpringToolsForEclipse.app/Contents/Eclipse/plugins/org.eclipse.m2e.maven.runtime_3.9.900.20250220-2013/jars/wagon-file-3.5.3.jar
2025-06-23 21:27:37,807 [Worker-33: Launching Executing clean in _Users_varun_Documents_workspace-spring-tools-for-eclipse-4.31.0.RELEASE_session-management] INFO  o.eclipse.m2e.core.internal.Bundles - 	Entry: /Applications/SpringToolsForEclipse.app/Contents/Eclipse/plugins/org.eclipse.m2e.maven.runtime_3.9.900.20250220-2013/jars/wagon-http-3.5.3.jar
2025-06-23 21:27:37,807 [Worker-33: Launching Executing clean in _Users_varun_Documents_workspace-spring-tools-for-eclipse-4.31.0.RELEASE_session-management] INFO  o.eclipse.m2e.core.internal.Bundles - 	Entry: /Applications/SpringToolsForEclipse.app/Contents/Eclipse/plugins/org.eclipse.m2e.maven.runtime_3.9.900.20250220-2013/jars/wagon-http-shared-3.5.3.jar
2025-06-23 21:27:37,807 [Worker-33: Launching Executing clean in _Users_varun_Documents_workspace-spring-tools-for-eclipse-4.31.0.RELEASE_session-management] INFO  o.eclipse.m2e.core.internal.Bundles - 	Entry: /Applications/SpringToolsForEclipse.app/Contents/Eclipse/plugins/org.eclipse.m2e.maven.runtime_3.9.900.20250220-2013/jars/wagon-provider-api-3.5.3.jar
2025-06-23 21:27:37,807 [Worker-33: Launching Executing clean in _Users_varun_Documents_workspace-spring-tools-for-eclipse-4.31.0.RELEASE_session-management] INFO  o.eclipse.m2e.core.internal.Bundles - getClasspathEntries(Bundle=com.google.guava_33.4.8.jre [31])
2025-06-23 21:27:37,807 [Worker-33: Launching Executing clean in _Users_varun_Documents_workspace-spring-tools-for-eclipse-4.31.0.RELEASE_session-management] INFO  o.eclipse.m2e.core.internal.Bundles - 	Entry: /Applications/SpringToolsForEclipse.app/Contents/Eclipse/plugins/com.google.guava_33.4.8.jre.jar
2025-06-23 21:27:37,807 [Worker-33: Launching Executing clean in _Users_varun_Documents_workspace-spring-tools-for-eclipse-4.31.0.RELEASE_session-management] INFO  o.eclipse.m2e.core.internal.Bundles - getClasspathEntries(Bundle=slf4j.api_2.0.17 [611])
2025-06-23 21:27:37,807 [Worker-33: Launching Executing clean in _Users_varun_Documents_workspace-spring-tools-for-eclipse-4.31.0.RELEASE_session-management] INFO  o.eclipse.m2e.core.internal.Bundles - 	Entry: /Applications/SpringToolsForEclipse.app/Contents/Eclipse/plugins/slf4j.api_2.0.17.jar
2025-06-23 21:27:37,807 [Worker-33: Launching Executing clean in _Users_varun_Documents_workspace-spring-tools-for-eclipse-4.31.0.RELEASE_session-management] INFO  o.eclipse.m2e.core.internal.Bundles - getClasspathEntries(Bundle=jakarta.inject.jakarta.inject-api_1.0.5 [46])
2025-06-23 21:27:37,807 [Worker-33: Launching Executing clean in _Users_varun_Documents_workspace-spring-tools-for-eclipse-4.31.0.RELEASE_session-management] INFO  o.eclipse.m2e.core.internal.Bundles - 	Entry: /Applications/SpringToolsForEclipse.app/Contents/Eclipse/plugins/jakarta.inject.jakarta.inject-api_1.0.5.jar
2025-06-23 21:27:37,807 [Worker-33: Launching Executing clean in _Users_varun_Documents_workspace-spring-tools-for-eclipse-4.31.0.RELEASE_session-management] INFO  o.eclipse.m2e.core.internal.Bundles - getClasspathEntries(Bundle=javax.annotation_1.3.5.v20200909-1856 [55])
2025-06-23 21:27:37,807 [Worker-33: Launching Executing clean in _Users_varun_Documents_workspace-spring-tools-for-eclipse-4.31.0.RELEASE_session-management] INFO  o.eclipse.m2e.core.internal.Bundles - 	Entry: /Applications/SpringToolsForEclipse.app/Contents/Eclipse/plugins/javax.annotation_1.3.5.v20200909-1856.jar
2025-06-23 21:27:37,807 [Worker-33: Launching Executing clean in _Users_varun_Documents_workspace-spring-tools-for-eclipse-4.31.0.RELEASE_session-management] INFO  o.eclipse.m2e.core.internal.Bundles - getClasspathEntries(Bundle=org.apache.commons.cli_1.9.0 [79])
2025-06-23 21:27:37,807 [Worker-33: Launching Executing clean in _Users_varun_Documents_workspace-spring-tools-for-eclipse-4.31.0.RELEASE_session-management] INFO  o.eclipse.m2e.core.internal.Bundles - 	Entry: /Applications/SpringToolsForEclipse.app/Contents/Eclipse/plugins/org.apache.commons.cli_1.9.0.jar
2025-06-23 21:27:37,807 [Worker-33: Launching Executing clean in _Users_varun_Documents_workspace-spring-tools-for-eclipse-4.31.0.RELEASE_session-management] INFO  o.eclipse.m2e.core.internal.Bundles - getClasspathEntries(Bundle=org.apache.commons.commons-codec_1.16.0 [81])
2025-06-23 21:27:37,807 [Worker-33: Launching Executing clean in _Users_varun_Documents_workspace-spring-tools-for-eclipse-4.31.0.RELEASE_session-management] INFO  o.eclipse.m2e.core.internal.Bundles - 	Entry: /Applications/SpringToolsForEclipse.app/Contents/Eclipse/plugins/org.apache.commons.commons-codec_1.16.0.jar
2025-06-23 21:27:37,807 [Worker-33: Launching Executing clean in _Users_varun_Documents_workspace-spring-tools-for-eclipse-4.31.0.RELEASE_session-management] INFO  o.eclipse.m2e.core.internal.Bundles - getClasspathEntries(Bundle=com.google.guava.failureaccess_1.0.3 [32])
2025-06-23 21:27:37,807 [Worker-33: Launching Executing clean in _Users_varun_Documents_workspace-spring-tools-for-eclipse-4.31.0.RELEASE_session-management] INFO  o.eclipse.m2e.core.internal.Bundles - 	Entry: /Applications/SpringToolsForEclipse.app/Contents/Eclipse/plugins/com.google.guava.failureaccess_1.0.3.jar
2025-06-23 21:27:37,808 [Worker-33: Launching Executing clean in _Users_varun_Documents_workspace-spring-tools-for-eclipse-4.31.0.RELEASE_session-management] INFO  o.e.m.i.launch.MavenLaunchDelegate - Run build in "/Users/varun/Documents/workspace-spring-tools-for-eclipse-4.31.0.RELEASE/session-management":
2025-06-23 21:27:37,808 [Worker-33: Launching Executing clean in _Users_varun_Documents_workspace-spring-tools-for-eclipse-4.31.0.RELEASE_session-management] INFO  o.e.m.i.launch.MavenLaunchDelegate -  mvn  -B -Dstyle.color=always clean
2025-06-23 21:27:40,091 [Worker-26: Building] WARN  o.a.m.s.f.DefaultMavenResourcesFiltering - Using platform encoding (UTF-8 actually) to copy filtered resources, i.e. build is platform dependent!
2025-06-23 21:27:40,093 [Worker-26: Building] INFO  o.a.m.s.f.DefaultMavenResourcesFiltering - Copying 1 resource from src/main/resources to target/classes
2025-06-23 21:27:40,095 [Worker-26: Building] WARN  o.a.m.s.f.DefaultMavenResourcesFiltering - Using platform encoding (UTF-8 actually) to copy filtered resources, i.e. build is platform dependent!
2025-06-23 21:27:40,095 [Worker-26: Building] INFO  o.a.m.s.f.DefaultMavenResourcesFiltering - skip non existing resourceDirectory /Users/varun/Documents/workspace-spring-tools-for-eclipse-4.31.0.RELEASE/session-management/src/test/resources
2025-06-23 21:27:47,164 [main] INFO  o.e.m2e.actions.ExecutePomAction - Creating new launch configuration
2025-06-23 21:28:00,364 [Worker-29: Launching session-management] INFO  o.eclipse.m2e.core.internal.Bundles - getClasspathEntries(Bundle=org.eclipse.m2e.maven.runtime_3.9.900.20250220-2013 [362])
2025-06-23 21:28:00,365 [Worker-29: Launching session-management] INFO  o.eclipse.m2e.core.internal.Bundles - 	Entry: /Applications/SpringToolsForEclipse.app/Contents/Eclipse/plugins/org.eclipse.m2e.maven.runtime_3.9.900.20250220-2013
2025-06-23 21:28:00,365 [Worker-29: Launching session-management] INFO  o.eclipse.m2e.core.internal.Bundles - 	Entry: /Applications/SpringToolsForEclipse.app/Contents/Eclipse/plugins/org.eclipse.m2e.maven.runtime_3.9.900.20250220-2013/jars/aopalliance-1.0.jar
2025-06-23 21:28:00,365 [Worker-29: Launching session-management] INFO  o.eclipse.m2e.core.internal.Bundles - 	Entry: /Applications/SpringToolsForEclipse.app/Contents/Eclipse/plugins/org.eclipse.m2e.maven.runtime_3.9.900.20250220-2013/jars/guice-5.1.0.jar
2025-06-23 21:28:00,365 [Worker-29: Launching session-management] INFO  o.eclipse.m2e.core.internal.Bundles - 	Entry: /Applications/SpringToolsForEclipse.app/Contents/Eclipse/plugins/org.eclipse.m2e.maven.runtime_3.9.900.20250220-2013/jars/httpclient-4.5.14.jar
2025-06-23 21:28:00,365 [Worker-29: Launching session-management] INFO  o.eclipse.m2e.core.internal.Bundles - 	Entry: /Applications/SpringToolsForEclipse.app/Contents/Eclipse/plugins/org.eclipse.m2e.maven.runtime_3.9.900.20250220-2013/jars/httpcore-4.4.16.jar
2025-06-23 21:28:00,365 [Worker-29: Launching session-management] INFO  o.eclipse.m2e.core.internal.Bundles - 	Entry: /Applications/SpringToolsForEclipse.app/Contents/Eclipse/plugins/org.eclipse.m2e.maven.runtime_3.9.900.20250220-2013/jars/jansi-2.4.1.jar
2025-06-23 21:28:00,365 [Worker-29: Launching session-management] INFO  o.eclipse.m2e.core.internal.Bundles - 	Entry: /Applications/SpringToolsForEclipse.app/Contents/Eclipse/plugins/org.eclipse.m2e.maven.runtime_3.9.900.20250220-2013/jars/jcl-over-slf4j-1.7.36.jar
2025-06-23 21:28:00,366 [Worker-29: Launching session-management] INFO  o.eclipse.m2e.core.internal.Bundles - 	Entry: /Applications/SpringToolsForEclipse.app/Contents/Eclipse/plugins/org.eclipse.m2e.maven.runtime_3.9.900.20250220-2013/jars/maven-artifact-3.9.9.jar
2025-06-23 21:28:00,366 [Worker-29: Launching session-management] INFO  o.eclipse.m2e.core.internal.Bundles - 	Entry: /Applications/SpringToolsForEclipse.app/Contents/Eclipse/plugins/org.eclipse.m2e.maven.runtime_3.9.900.20250220-2013/jars/maven-builder-support-3.9.9.jar
2025-06-23 21:28:00,366 [Worker-29: Launching session-management] INFO  o.eclipse.m2e.core.internal.Bundles - 	Entry: /Applications/SpringToolsForEclipse.app/Contents/Eclipse/plugins/org.eclipse.m2e.maven.runtime_3.9.900.20250220-2013/jars/maven-compat-3.9.9.jar
2025-06-23 21:28:00,366 [Worker-29: Launching session-management] INFO  o.eclipse.m2e.core.internal.Bundles - 	Entry: /Applications/SpringToolsForEclipse.app/Contents/Eclipse/plugins/org.eclipse.m2e.maven.runtime_3.9.900.20250220-2013/jars/maven-core-3.9.9.jar
2025-06-23 21:28:00,366 [Worker-29: Launching session-management] INFO  o.eclipse.m2e.core.internal.Bundles - 	Entry: /Applications/SpringToolsForEclipse.app/Contents/Eclipse/plugins/org.eclipse.m2e.maven.runtime_3.9.900.20250220-2013/jars/maven-embedder-3.9.9.jar
2025-06-23 21:28:00,366 [Worker-29: Launching session-management] INFO  o.eclipse.m2e.core.internal.Bundles - 	Entry: /Applications/SpringToolsForEclipse.app/Contents/Eclipse/plugins/org.eclipse.m2e.maven.runtime_3.9.900.20250220-2013/jars/maven-model-3.9.9.jar
2025-06-23 21:28:00,366 [Worker-29: Launching session-management] INFO  o.eclipse.m2e.core.internal.Bundles - 	Entry: /Applications/SpringToolsForEclipse.app/Contents/Eclipse/plugins/org.eclipse.m2e.maven.runtime_3.9.900.20250220-2013/jars/maven-model-builder-3.9.9.jar
2025-06-23 21:28:00,366 [Worker-29: Launching session-management] INFO  o.eclipse.m2e.core.internal.Bundles - 	Entry: /Applications/SpringToolsForEclipse.app/Contents/Eclipse/plugins/org.eclipse.m2e.maven.runtime_3.9.900.20250220-2013/jars/maven-plugin-api-3.9.9.jar
2025-06-23 21:28:00,366 [Worker-29: Launching session-management] INFO  o.eclipse.m2e.core.internal.Bundles - 	Entry: /Applications/SpringToolsForEclipse.app/Contents/Eclipse/plugins/org.eclipse.m2e.maven.runtime_3.9.900.20250220-2013/jars/maven-repository-metadata-3.9.9.jar
2025-06-23 21:28:00,366 [Worker-29: Launching session-management] INFO  o.eclipse.m2e.core.internal.Bundles - 	Entry: /Applications/SpringToolsForEclipse.app/Contents/Eclipse/plugins/org.eclipse.m2e.maven.runtime_3.9.900.20250220-2013/jars/maven-resolver-api-1.9.22.jar
2025-06-23 21:28:00,366 [Worker-29: Launching session-management] INFO  o.eclipse.m2e.core.internal.Bundles - 	Entry: /Applications/SpringToolsForEclipse.app/Contents/Eclipse/plugins/org.eclipse.m2e.maven.runtime_3.9.900.20250220-2013/jars/maven-resolver-connector-basic-1.9.22.jar
2025-06-23 21:28:00,366 [Worker-29: Launching session-management] INFO  o.eclipse.m2e.core.internal.Bundles - 	Entry: /Applications/SpringToolsForEclipse.app/Contents/Eclipse/plugins/org.eclipse.m2e.maven.runtime_3.9.900.20250220-2013/jars/maven-resolver-impl-1.9.22.jar
2025-06-23 21:28:00,366 [Worker-29: Launching session-management] INFO  o.eclipse.m2e.core.internal.Bundles - 	Entry: /Applications/SpringToolsForEclipse.app/Contents/Eclipse/plugins/org.eclipse.m2e.maven.runtime_3.9.900.20250220-2013/jars/maven-resolver-named-locks-1.9.22.jar
2025-06-23 21:28:00,366 [Worker-29: Launching session-management] INFO  o.eclipse.m2e.core.internal.Bundles - 	Entry: /Applications/SpringToolsForEclipse.app/Contents/Eclipse/plugins/org.eclipse.m2e.maven.runtime_3.9.900.20250220-2013/jars/maven-resolver-provider-3.9.9.jar
2025-06-23 21:28:00,366 [Worker-29: Launching session-management] INFO  o.eclipse.m2e.core.internal.Bundles - 	Entry: /Applications/SpringToolsForEclipse.app/Contents/Eclipse/plugins/org.eclipse.m2e.maven.runtime_3.9.900.20250220-2013/jars/maven-resolver-spi-1.9.22.jar
2025-06-23 21:28:00,366 [Worker-29: Launching session-management] INFO  o.eclipse.m2e.core.internal.Bundles - 	Entry: /Applications/SpringToolsForEclipse.app/Contents/Eclipse/plugins/org.eclipse.m2e.maven.runtime_3.9.900.20250220-2013/jars/maven-resolver-transport-file-1.9.22.jar
2025-06-23 21:28:00,366 [Worker-29: Launching session-management] INFO  o.eclipse.m2e.core.internal.Bundles - 	Entry: /Applications/SpringToolsForEclipse.app/Contents/Eclipse/plugins/org.eclipse.m2e.maven.runtime_3.9.900.20250220-2013/jars/maven-resolver-transport-http-1.9.22.jar
2025-06-23 21:28:00,366 [Worker-29: Launching session-management] INFO  o.eclipse.m2e.core.internal.Bundles - 	Entry: /Applications/SpringToolsForEclipse.app/Contents/Eclipse/plugins/org.eclipse.m2e.maven.runtime_3.9.900.20250220-2013/jars/maven-resolver-transport-wagon-1.9.22.jar
2025-06-23 21:28:00,366 [Worker-29: Launching session-management] INFO  o.eclipse.m2e.core.internal.Bundles - 	Entry: /Applications/SpringToolsForEclipse.app/Contents/Eclipse/plugins/org.eclipse.m2e.maven.runtime_3.9.900.20250220-2013/jars/maven-resolver-util-1.9.22.jar
2025-06-23 21:28:00,367 [Worker-29: Launching session-management] INFO  o.eclipse.m2e.core.internal.Bundles - 	Entry: /Applications/SpringToolsForEclipse.app/Contents/Eclipse/plugins/org.eclipse.m2e.maven.runtime_3.9.900.20250220-2013/jars/maven-settings-3.9.9.jar
2025-06-23 21:28:00,368 [Worker-29: Launching session-management] INFO  o.eclipse.m2e.core.internal.Bundles - 	Entry: /Applications/SpringToolsForEclipse.app/Contents/Eclipse/plugins/org.eclipse.m2e.maven.runtime_3.9.900.20250220-2013/jars/maven-settings-builder-3.9.9.jar
2025-06-23 21:28:00,368 [Worker-29: Launching session-management] INFO  o.eclipse.m2e.core.internal.Bundles - 	Entry: /Applications/SpringToolsForEclipse.app/Contents/Eclipse/plugins/org.eclipse.m2e.maven.runtime_3.9.900.20250220-2013/jars/maven-shared-utils-3.4.2.jar
2025-06-23 21:28:00,368 [Worker-29: Launching session-management] INFO  o.eclipse.m2e.core.internal.Bundles - 	Entry: /Applications/SpringToolsForEclipse.app/Contents/Eclipse/plugins/org.eclipse.m2e.maven.runtime_3.9.900.20250220-2013/jars/org.eclipse.sisu.inject-0.9.0.M3.jar
2025-06-23 21:28:00,368 [Worker-29: Launching session-management] INFO  o.eclipse.m2e.core.internal.Bundles - 	Entry: /Applications/SpringToolsForEclipse.app/Contents/Eclipse/plugins/org.eclipse.m2e.maven.runtime_3.9.900.20250220-2013/jars/org.eclipse.sisu.plexus-0.9.0.M3.jar
2025-06-23 21:28:00,368 [Worker-29: Launching session-management] INFO  o.eclipse.m2e.core.internal.Bundles - 	Entry: /Applications/SpringToolsForEclipse.app/Contents/Eclipse/plugins/org.eclipse.m2e.maven.runtime_3.9.900.20250220-2013/jars/plexus-build-api-0.0.7.jar
2025-06-23 21:28:00,368 [Worker-29: Launching session-management] INFO  o.eclipse.m2e.core.internal.Bundles - 	Entry: /Applications/SpringToolsForEclipse.app/Contents/Eclipse/plugins/org.eclipse.m2e.maven.runtime_3.9.900.20250220-2013/jars/plexus-build-api-1.2.0.jar
2025-06-23 21:28:00,368 [Worker-29: Launching session-management] INFO  o.eclipse.m2e.core.internal.Bundles - 	Entry: /Applications/SpringToolsForEclipse.app/Contents/Eclipse/plugins/org.eclipse.m2e.maven.runtime_3.9.900.20250220-2013/jars/plexus-cipher-2.0.jar
2025-06-23 21:28:00,369 [Worker-29: Launching session-management] INFO  o.eclipse.m2e.core.internal.Bundles - 	Entry: /Applications/SpringToolsForEclipse.app/Contents/Eclipse/plugins/org.eclipse.m2e.maven.runtime_3.9.900.20250220-2013/jars/plexus-classworlds-2.8.0.jar
2025-06-23 21:28:00,369 [Worker-29: Launching session-management] INFO  o.eclipse.m2e.core.internal.Bundles - 	Entry: /Applications/SpringToolsForEclipse.app/Contents/Eclipse/plugins/org.eclipse.m2e.maven.runtime_3.9.900.20250220-2013/jars/plexus-component-annotations-2.1.0.jar
2025-06-23 21:28:00,369 [Worker-29: Launching session-management] INFO  o.eclipse.m2e.core.internal.Bundles - 	Entry: /Applications/SpringToolsForEclipse.app/Contents/Eclipse/plugins/org.eclipse.m2e.maven.runtime_3.9.900.20250220-2013/jars/plexus-interpolation-1.27.jar
2025-06-23 21:28:00,369 [Worker-29: Launching session-management] INFO  o.eclipse.m2e.core.internal.Bundles - 	Entry: /Applications/SpringToolsForEclipse.app/Contents/Eclipse/plugins/org.eclipse.m2e.maven.runtime_3.9.900.20250220-2013/jars/plexus-sec-dispatcher-2.0.jar
2025-06-23 21:28:00,369 [Worker-29: Launching session-management] INFO  o.eclipse.m2e.core.internal.Bundles - 	Entry: /Applications/SpringToolsForEclipse.app/Contents/Eclipse/plugins/org.eclipse.m2e.maven.runtime_3.9.900.20250220-2013/jars/plexus-utils-3.5.1.jar
2025-06-23 21:28:00,369 [Worker-29: Launching session-management] INFO  o.eclipse.m2e.core.internal.Bundles - 	Entry: /Applications/SpringToolsForEclipse.app/Contents/Eclipse/plugins/org.eclipse.m2e.maven.runtime_3.9.900.20250220-2013/jars/plexus-xml-3.0.1.jar
2025-06-23 21:28:00,369 [Worker-29: Launching session-management] INFO  o.eclipse.m2e.core.internal.Bundles - 	Entry: /Applications/SpringToolsForEclipse.app/Contents/Eclipse/plugins/org.eclipse.m2e.maven.runtime_3.9.900.20250220-2013/jars/wagon-file-3.5.3.jar
2025-06-23 21:28:00,369 [Worker-29: Launching session-management] INFO  o.eclipse.m2e.core.internal.Bundles - 	Entry: /Applications/SpringToolsForEclipse.app/Contents/Eclipse/plugins/org.eclipse.m2e.maven.runtime_3.9.900.20250220-2013/jars/wagon-http-3.5.3.jar
2025-06-23 21:28:00,369 [Worker-29: Launching session-management] INFO  o.eclipse.m2e.core.internal.Bundles - 	Entry: /Applications/SpringToolsForEclipse.app/Contents/Eclipse/plugins/org.eclipse.m2e.maven.runtime_3.9.900.20250220-2013/jars/wagon-http-shared-3.5.3.jar
2025-06-23 21:28:00,369 [Worker-29: Launching session-management] INFO  o.eclipse.m2e.core.internal.Bundles - 	Entry: /Applications/SpringToolsForEclipse.app/Contents/Eclipse/plugins/org.eclipse.m2e.maven.runtime_3.9.900.20250220-2013/jars/wagon-provider-api-3.5.3.jar
2025-06-23 21:28:00,369 [Worker-29: Launching session-management] INFO  o.eclipse.m2e.core.internal.Bundles - getClasspathEntries(Bundle=com.google.guava_33.4.8.jre [31])
2025-06-23 21:28:00,369 [Worker-29: Launching session-management] INFO  o.eclipse.m2e.core.internal.Bundles - 	Entry: /Applications/SpringToolsForEclipse.app/Contents/Eclipse/plugins/com.google.guava_33.4.8.jre.jar
2025-06-23 21:28:00,369 [Worker-29: Launching session-management] INFO  o.eclipse.m2e.core.internal.Bundles - getClasspathEntries(Bundle=slf4j.api_2.0.17 [611])
2025-06-23 21:28:00,369 [Worker-29: Launching session-management] INFO  o.eclipse.m2e.core.internal.Bundles - 	Entry: /Applications/SpringToolsForEclipse.app/Contents/Eclipse/plugins/slf4j.api_2.0.17.jar
2025-06-23 21:28:00,369 [Worker-29: Launching session-management] INFO  o.eclipse.m2e.core.internal.Bundles - getClasspathEntries(Bundle=jakarta.inject.jakarta.inject-api_1.0.5 [46])
2025-06-23 21:28:00,369 [Worker-29: Launching session-management] INFO  o.eclipse.m2e.core.internal.Bundles - 	Entry: /Applications/SpringToolsForEclipse.app/Contents/Eclipse/plugins/jakarta.inject.jakarta.inject-api_1.0.5.jar
2025-06-23 21:28:00,369 [Worker-29: Launching session-management] INFO  o.eclipse.m2e.core.internal.Bundles - getClasspathEntries(Bundle=javax.annotation_1.3.5.v20200909-1856 [55])
2025-06-23 21:28:00,369 [Worker-29: Launching session-management] INFO  o.eclipse.m2e.core.internal.Bundles - 	Entry: /Applications/SpringToolsForEclipse.app/Contents/Eclipse/plugins/javax.annotation_1.3.5.v20200909-1856.jar
2025-06-23 21:28:00,369 [Worker-29: Launching session-management] INFO  o.eclipse.m2e.core.internal.Bundles - getClasspathEntries(Bundle=org.apache.commons.cli_1.9.0 [79])
2025-06-23 21:28:00,369 [Worker-29: Launching session-management] INFO  o.eclipse.m2e.core.internal.Bundles - 	Entry: /Applications/SpringToolsForEclipse.app/Contents/Eclipse/plugins/org.apache.commons.cli_1.9.0.jar
2025-06-23 21:28:00,369 [Worker-29: Launching session-management] INFO  o.eclipse.m2e.core.internal.Bundles - getClasspathEntries(Bundle=org.apache.commons.commons-codec_1.16.0 [81])
2025-06-23 21:28:00,369 [Worker-29: Launching session-management] INFO  o.eclipse.m2e.core.internal.Bundles - 	Entry: /Applications/SpringToolsForEclipse.app/Contents/Eclipse/plugins/org.apache.commons.commons-codec_1.16.0.jar
2025-06-23 21:28:00,369 [Worker-29: Launching session-management] INFO  o.eclipse.m2e.core.internal.Bundles - getClasspathEntries(Bundle=com.google.guava.failureaccess_1.0.3 [32])
2025-06-23 21:28:00,369 [Worker-29: Launching session-management] INFO  o.eclipse.m2e.core.internal.Bundles - 	Entry: /Applications/SpringToolsForEclipse.app/Contents/Eclipse/plugins/com.google.guava.failureaccess_1.0.3.jar
2025-06-23 21:28:00,370 [Worker-29: Launching session-management] INFO  o.e.m.i.launch.MavenLaunchDelegate - Run build in "/Users/varun/Documents/workspace-spring-tools-for-eclipse-4.31.0.RELEASE/session-management":
2025-06-23 21:28:00,370 [Worker-29: Launching session-management] INFO  o.e.m.i.launch.MavenLaunchDelegate -  mvn  -B -Dstyle.color=always clean install
2025-06-23 21:28:00,583 [Worker-41: Building] WARN  o.a.m.s.f.DefaultMavenResourcesFiltering - Using platform encoding (UTF-8 actually) to copy filtered resources, i.e. build is platform dependent!
2025-06-23 21:28:00,585 [Worker-41: Building] INFO  o.a.m.s.f.DefaultMavenResourcesFiltering - Copying 1 resource from src/main/resources to target/classes
2025-06-23 21:28:00,587 [Worker-41: Building] WARN  o.a.m.s.f.DefaultMavenResourcesFiltering - Using platform encoding (UTF-8 actually) to copy filtered resources, i.e. build is platform dependent!
2025-06-23 21:28:00,587 [Worker-41: Building] INFO  o.a.m.s.f.DefaultMavenResourcesFiltering - skip non existing resourceDirectory /Users/varun/Documents/workspace-spring-tools-for-eclipse-4.31.0.RELEASE/session-management/src/test/resources
2025-06-24 16:41:15,426 [Worker-2: Loading available Gradle versions] INFO  o.e.b.c.i.u.g.PublishedGradleVersions - Gradle version information cache is up-to-date. Trying to read.
2025-06-24 16:43:17,831 [Worker-9: Building Workspace] WARN  o.a.m.s.f.DefaultMavenResourcesFiltering - Using platform encoding (UTF-8 actually) to copy filtered resources, i.e. build is platform dependent!
2025-06-24 16:43:17,833 [Worker-9: Building Workspace] INFO  o.a.m.s.f.DefaultMavenResourcesFiltering - Copying 1 resource from src/main/resources to target/classes
2025-06-24 16:43:17,839 [Worker-9: Building Workspace] WARN  o.a.m.s.f.DefaultMavenResourcesFiltering - Using platform encoding (UTF-8 actually) to copy filtered resources, i.e. build is platform dependent!
2025-06-24 16:43:17,839 [Worker-9: Building Workspace] INFO  o.a.m.s.f.DefaultMavenResourcesFiltering - skip non existing resourceDirectory /Users/varun/Documents/workspace-spring-tools-for-eclipse-4.31.0.RELEASE/session-management/src/test/resources
2025-06-24 16:43:18,195 [Worker-13: Building] WARN  o.a.m.s.f.DefaultMavenResourcesFiltering - Using platform encoding (UTF-8 actually) to copy filtered resources, i.e. build is platform dependent!
2025-06-24 16:43:18,196 [Worker-13: Building] INFO  o.a.m.s.f.DefaultMavenResourcesFiltering - Copying 1 resource from src/main/resources to target/classes
2025-06-24 16:43:18,198 [Worker-13: Building] WARN  o.a.m.s.f.DefaultMavenResourcesFiltering - Using platform encoding (UTF-8 actually) to copy filtered resources, i.e. build is platform dependent!
2025-06-24 16:43:18,199 [Worker-13: Building] INFO  o.a.m.s.f.DefaultMavenResourcesFiltering - skip non existing resourceDirectory /Users/varun/Documents/workspace-spring-tools-for-eclipse-4.31.0.RELEASE/session-management/src/test/resources
2025-06-24 16:43:26,079 [Worker-11: Building] WARN  o.a.m.s.f.DefaultMavenResourcesFiltering - Using platform encoding (UTF-8 actually) to copy filtered resources, i.e. build is platform dependent!
2025-06-24 16:43:26,080 [Worker-11: Building] INFO  o.a.m.s.f.DefaultMavenResourcesFiltering - Copying 1 resource from src/main/resources to target/classes
2025-06-24 16:43:26,081 [Worker-11: Building] WARN  o.a.m.s.f.DefaultMavenResourcesFiltering - Using platform encoding (UTF-8 actually) to copy filtered resources, i.e. build is platform dependent!
2025-06-24 16:43:26,081 [Worker-11: Building] INFO  o.a.m.s.f.DefaultMavenResourcesFiltering - skip non existing resourceDirectory /Users/varun/Documents/workspace-spring-tools-for-eclipse-4.31.0.RELEASE/session-management/src/test/resources
